0 silly argv {
0 silly argv   _: [ 'publish' ],
0 silly argv   composed: 'publish',
0 silly argv   lernaVersion: '6.6.1',
0 silly argv   '$0': '/opt/homebrew/bin/lerna'
0 silly argv }
1 notice cli v6.6.1
2 verbose rootPath /Users/sungchang/Documents/@teamturing/bombe
3 info versioning independent
4 error JSONError: Unexpected token "}" (0x7D) in JSON at position 637 while parsing near ".../index.js\"\n    },\n  },\n  \"scripts\": {\n  ..." in packages/utils/package.json
4 error
4 error [0m [90m 23 |[39m       [32m"import"[39m[33m:[39m [32m"./esm/index.js"[39m[0m
4 error [0m [90m 24 |[39m     }[33m,[39m[0m
4 error [0m[31m[1m>[22m[39m[90m 25 |[39m   }[33m,[39m[0m
4 error [0m [90m    |[39m   [31m[1m^[22m[39m[0m
4 error [0m [90m 26 |[39m   [32m"scripts"[39m[33m:[39m {[0m
4 error [0m [90m 27 |[39m     [32m"check:lint"[39m[33m:[39m [32m"eslint ./src --cache"[39m[33m,[39m[0m
4 error [0m [90m 28 |[39m     [32m"check:type"[39m[33m:[39m [32m"tsc --noEmit"[39m[33m,[39m[0m
4 error
4 error     at parseJson (/opt/homebrew/lib/node_modules/lerna/node_modules/parse-json/index.js:29:21)
4 error     at parse (/opt/homebrew/lib/node_modules/lerna/node_modules/load-json-file/index.js:15:9)
4 error     at module.exports (/opt/homebrew/lib/node_modules/lerna/node_modules/load-json-file/index.js:18:47)
